<?xml version="1.0" encoding="UTF-8"?>
<!-- Generated by org.testng.reporters.JUnitReportReporter -->
<testsuite hostname="DESKTOP-71BOP8S" failures="0" tests="2" name="MVNGBDD.NewTest" time="14.184" errors="0" timestamp="2020-09-21T10:25:43 IST" skipped="0">
  <testcase classname="MVNGBDD.NewTest" name="Test1" time="6.309"/>
  <system-out/>
  <testcase classname="MVNGBDD.NewTest" name="Test1" time="7.875"/>
  <system-out/>
</testsuite> <!-- MVNGBDD.NewTest -->
